{"C:\\Users\\viniv\\source\\repos\\Projeto NLW\\server\\src\\use-cases\\submit-feedback-use-case.ts": {"path":"C:\\Users\\viniv\\source\\repos\\Projeto NLW\\server\\src\\use-cases\\submit-feedback-use-case.ts","all":false,"statementMap":{"0":{"start":{"line":1,"column":0},"end":{"line":1,"column":56}},"1":{"start":{"line":2,"column":0},"end":{"line":2,"column":76}},"2":{"start":{"line":3,"column":0},"end":{"line":3,"column":0}},"3":{"start":{"line":4,"column":0},"end":{"line":4,"column":39}},"4":{"start":{"line":5,"column":0},"end":{"line":5,"column":16}},"5":{"start":{"line":6,"column":0},"end":{"line":6,"column":19}},"6":{"start":{"line":7,"column":0},"end":{"line":7,"column":23}},"7":{"start":{"line":8,"column":0},"end":{"line":8,"column":1}},"8":{"start":{"line":9,"column":0},"end":{"line":9,"column":0}},"9":{"start":{"line":10,"column":0},"end":{"line":10,"column":35}},"10":{"start":{"line":11,"column":0},"end":{"line":11,"column":3}},"11":{"start":{"line":12,"column":0},"end":{"line":12,"column":101}},"12":{"start":{"line":13,"column":0},"end":{"line":13,"column":0}},"13":{"start":{"line":14,"column":0},"end":{"line":14,"column":57}},"14":{"start":{"line":15,"column":0},"end":{"line":15,"column":52}},"15":{"start":{"line":16,"column":0},"end":{"line":16,"column":3}},"16":{"start":{"line":17,"column":0},"end":{"line":17,"column":13}},"17":{"start":{"line":18,"column":0},"end":{"line":18,"column":43}},"18":{"start":{"line":19,"column":0},"end":{"line":19,"column":4}},"19":{"start":{"line":20,"column":0},"end":{"line":20,"column":0}},"20":{"start":{"line":21,"column":0},"end":{"line":21,"column":16}},"21":{"start":{"line":22,"column":0},"end":{"line":22,"column":46}},"22":{"start":{"line":23,"column":0},"end":{"line":23,"column":4}},"23":{"start":{"line":24,"column":0},"end":{"line":24,"column":0}},"24":{"start":{"line":25,"column":0},"end":{"line":25,"column":69}},"25":{"start":{"line":26,"column":0},"end":{"line":26,"column":51}},"26":{"start":{"line":27,"column":0},"end":{"line":27,"column":4}},"27":{"start":{"line":28,"column":0},"end":{"line":28,"column":0}},"28":{"start":{"line":29,"column":0},"end":{"line":29,"column":45}},"29":{"start":{"line":30,"column":0},"end":{"line":30,"column":35}},"30":{"start":{"line":31,"column":0},"end":{"line":31,"column":8}},"31":{"start":{"line":32,"column":0},"end":{"line":32,"column":0}},"32":{"start":{"line":33,"column":0},"end":{"line":33,"column":39}},"33":{"start":{"line":34,"column":0},"end":{"line":34,"column":34}},"34":{"start":{"line":35,"column":0},"end":{"line":35,"column":17}},"35":{"start":{"line":36,"column":0},"end":{"line":36,"column":82}},"36":{"start":{"line":37,"column":0},"end":{"line":37,"column":51}},"37":{"start":{"line":38,"column":0},"end":{"line":38,"column":47}},"38":{"start":{"line":39,"column":0},"end":{"line":39,"column":21}},"39":{"start":{"line":40,"column":0},"end":{"line":40,"column":21}},"40":{"start":{"line":41,"column":0},"end":{"line":41,"column":8}},"41":{"start":{"line":42,"column":0},"end":{"line":42,"column":4}},"42":{"start":{"line":43,"column":0},"end":{"line":43,"column":1}}},"s":{"0":1,"1":1,"2":1,"3":1,"4":1,"5":1,"6":1,"7":1,"8":1,"9":1,"10":1,"11":1,"12":1,"13":1,"14":4,"15":4,"16":4,"17":1,"18":1,"19":3,"20":4,"21":1,"22":1,"23":2,"24":4,"25":1,"26":1,"27":1,"28":1,"29":1,"30":1,"31":1,"32":1,"33":1,"34":1,"35":1,"36":1,"37":1,"38":1,"39":1,"40":1,"41":1,"42":1},"branchMap":{"0":{"type":"branch","line":14,"loc":{"start":{"line":14,"column":3},"end":{"line":42,"column":4}},"locations":[{"start":{"line":14,"column":3},"end":{"line":42,"column":4}}]},"1":{"type":"branch","line":17,"loc":{"start":{"line":17,"column":12},"end":{"line":19,"column":4}},"locations":[{"start":{"line":17,"column":12},"end":{"line":19,"column":4}}]},"2":{"type":"branch","line":20,"loc":{"start":{"line":20,"column":-2},"end":{"line":21,"column":15}},"locations":[{"start":{"line":20,"column":-2},"end":{"line":21,"column":15}}]},"3":{"type":"branch","line":21,"loc":{"start":{"line":21,"column":15},"end":{"line":23,"column":4}},"locations":[{"start":{"line":21,"column":15},"end":{"line":23,"column":4}}]},"4":{"type":"branch","line":24,"loc":{"start":{"line":24,"column":-2},"end":{"line":25,"column":67}},"locations":[{"start":{"line":24,"column":-2},"end":{"line":25,"column":67}}]},"5":{"type":"branch","line":25,"loc":{"start":{"line":25,"column":68},"end":{"line":42,"column":4}},"locations":[{"start":{"line":25,"column":68},"end":{"line":42,"column":4}}]},"6":{"type":"branch","line":12,"loc":{"start":{"line":12,"column":3},"end":{"line":12,"column":101}},"locations":[{"start":{"line":12,"column":3},"end":{"line":12,"column":101}}]}},"b":{"0":[4],"1":[1],"2":[3],"3":[1],"4":[2],"5":[1],"6":[1]},"fnMap":{"0":{"name":"execute","decl":{"start":{"line":14,"column":3},"end":{"line":42,"column":4}},"loc":{"start":{"line":14,"column":3},"end":{"line":42,"column":4}},"line":14},"1":{"name":"SubmitFeedbackUseCase","decl":{"start":{"line":12,"column":3},"end":{"line":12,"column":101}},"loc":{"start":{"line":12,"column":3},"end":{"line":12,"column":101}},"line":12}},"f":{"0":4,"1":1}}
}
